<?xml version="1.0" encoding="UTF-8"?>
<testsuite name="Cucumber" time="29.074" tests="1" skipped="0" failures="1" errors="0">
<testcase classname="Automation Exercises Task12" name="Task12" time="28.899">
<failure type="java.lang.AssertionError">
<![CDATA[java.lang.AssertionError
	at org.junit.Assert.fail(Assert.java:87)
	at org.junit.Assert.assertTrue(Assert.java:42)
	at org.junit.Assert.assertTrue(Assert.java:53)
	at stepDefinitions.Steps_task12.verify_their_prices_quantity_and_total_price(Steps_task12.java:68)
	at âœ½.Verify their prices, quantity and total price(file:///C:/Users/Lenovo/IdeaProjects/Task12_Java_Cucumber/src/test/resources/features/task12.feature:26)
]]>
</failure>
<system-out><![CDATA[
Given User goes to homePage.................................................passed
Then Verify that home page is visible successfully..........................passed
And Click 'Products' button.................................................passed
Then user scrolls down the page.............................................passed
And Hover over "first" product and click Add to cart........................passed
And Click 'Continue Shopping' button........................................passed
And Hover over "second" product and click Add to cart.......................passed
And Click 'View Cart' button................................................passed
Then Verify both products are added to Cart.................................passed
Then Verify their prices, quantity and total price..........................failed
]]></system-out>
</testcase>
</testsuite>
